2021-08-19 23:04:09,607 ERROR 16062 [-/127.0.0.1/-/4ms GET /] nodejs.Error: Please set config.keys first
    at Application.get keys [as keys] (/Users/Evyn/Documents/Torry/Rootant/nodejs-geektime-demo/node_modules/egg/lib/application.js:266:15)
    at Object.get cookies [as cookies] (/Users/Evyn/Documents/Torry/Rootant/nodejs-geektime-demo/node_modules/egg/app/extend/context.js:22:66)
    at Object.get [egg-security#CSRF_SECRET] (/Users/Evyn/Documents/Torry/Rootant/nodejs-geektime-demo/node_modules/egg-security/app/extend/context.js:91:35)
    at Object.ensureCsrfSecret (/Users/Evyn/Documents/Torry/Rootant/nodejs-geektime-demo/node_modules/egg-security/app/extend/context.js:104:13)
    at csrf (/Users/Evyn/Documents/Torry/Rootant/nodejs-geektime-demo/node_modules/egg-security/lib/middlewares/csrf.js:15:11)
    at dispatch (/Users/Evyn/Documents/Torry/Rootant/nodejs-geektime-demo/node_modules/koa-compose/index.js:42:32)
    at /Users/Evyn/Documents/Torry/Rootant/nodejs-geektime-demo/node_modules/koa-compose/index.js:34:12
    at dispatch (/Users/Evyn/Documents/Torry/Rootant/nodejs-geektime-demo/node_modules/koa-compose/index.js:42:32)
    at session (/Users/Evyn/Documents/Torry/Rootant/nodejs-geektime-demo/node_modules/koa-session/index.js:41:13)
    at dispatch (/Users/Evyn/Documents/Torry/Rootant/nodejs-geektime-demo/node_modules/koa-compose/index.js:42:32)

pid: 16062
hostname: maoyiweideMacBook-Air.local

2021-08-20 02:14:33,989 ERROR 3750 [-/127.0.0.1/-/5032ms GET /news] nodejs.ConnectionTimeoutError: Connect timeout for 5000ms, GET https://hacker-news.firebaseio.com/v0/topstories.json -2 (connected: false, keepalive socket: false, agent status: {"createSocketCount":1,"createSocketErrorCount":0,"closeSocketCount":1,"errorSocketCount":0,"timeoutSocketCount":0,"requestCount":0,"freeSockets":{},"sockets":{},"requests":{}}, socketHandledRequests: 1, socketHandledResponses: 0)
headers: {}
headers: {}
    at Timeout._onTimeout (/Users/cherry/Documents/Rootant/nodejs-demo/node_modules/urllib/lib/urllib.js:983:15)
    at listOnTimeout (timers.js:324:15)
    at processTimers (timers.js:268:5)
name: "ConnectionTimeoutError"
requestId: 1
data: undefined
path: "/v0/topstories.json?orderBy=%22%24key%22&startAt=%220%22&endAt=%224%22"
status: -2
headers: {}
res: {"status":-2,"statusCode":-2,"statusMessage":null,"headers":{},"size":0,"aborted":false,"rt":5021,"keepAliveSocket":false,"requestUrls":["https://hacker-news.firebaseio.com/v0/topstories.json"],"timing":null,"remoteAddress":"35.201.97.85","remotePort":"","socketHandledRequests":1,"socketHandledResponses":0}
pid: 3750
hostname: taolideMac-mini.local

2021-08-20 02:16:19,829 ERROR 3777 [-/127.0.0.1/-/5043ms GET /news] nodejs.ConnectionTimeoutError: Connect timeout for 5000ms, GET https://hacker-news.firebaseio.com/v0/topstories.json -2 (connected: false, keepalive socket: false, agent status: {"createSocketCount":1,"createSocketErrorCount":0,"closeSocketCount":1,"errorSocketCount":0,"timeoutSocketCount":0,"requestCount":0,"freeSockets":{},"sockets":{},"requests":{}}, socketHandledRequests: 1, socketHandledResponses: 0)
headers: {}
headers: {}
    at Timeout._onTimeout (/Users/cherry/Documents/Rootant/nodejs-demo/node_modules/urllib/lib/urllib.js:983:15)
    at listOnTimeout (timers.js:324:15)
    at processTimers (timers.js:268:5)
name: "ConnectionTimeoutError"
requestId: 1
data: undefined
path: "/v0/topstories.json?orderBy=%22%24key%22&startAt=%220%22&endAt=%224%22"
status: -2
headers: {}
res: {"status":-2,"statusCode":-2,"statusMessage":null,"headers":{},"size":0,"aborted":false,"rt":5030,"keepAliveSocket":false,"requestUrls":["https://hacker-news.firebaseio.com/v0/topstories.json"],"timing":null,"remoteAddress":"35.201.97.85","remotePort":"","socketHandledRequests":1,"socketHandledResponses":0}
pid: 3777
hostname: taolideMac-mini.local

2021-08-20 02:18:36,846 ERROR 3821 [-/127.0.0.1/-/5044ms GET /news] nodejs.ConnectionTimeoutError: Connect timeout for 5000ms, GET https://hacker-news.firebaseio.com/v0/topstories.json -2 (connected: false, keepalive socket: false, agent status: {"createSocketCount":1,"createSocketErrorCount":0,"closeSocketCount":1,"errorSocketCount":0,"timeoutSocketCount":0,"requestCount":0,"freeSockets":{},"sockets":{},"requests":{}}, socketHandledRequests: 1, socketHandledResponses: 0)
headers: {}
headers: {}
    at Timeout._onTimeout (/Users/cherry/Documents/Rootant/nodejs-demo/node_modules/urllib/lib/urllib.js:983:15)
    at listOnTimeout (timers.js:324:15)
    at processTimers (timers.js:268:5)
name: "ConnectionTimeoutError"
requestId: 1
data: undefined
path: "/v0/topstories.json?orderBy=%22%24key%22&startAt=%220%22&endAt=%224%22"
status: -2
headers: {}
res: {"status":-2,"statusCode":-2,"statusMessage":null,"headers":{},"size":0,"aborted":false,"rt":5030,"keepAliveSocket":false,"requestUrls":["https://hacker-news.firebaseio.com/v0/topstories.json"],"timing":null,"remoteAddress":"35.201.97.85","remotePort":"","socketHandledRequests":1,"socketHandledResponses":0}
pid: 3821
hostname: taolideMac-mini.local

2021-08-20 02:19:58,371 ERROR 3841 [-/127.0.0.1/-/5090ms GET /news] nodejs.ConnectionTimeoutError: Connect timeout for 5000ms, GET https://hacker-news.firebaseio.com/v0/topstories.json -2 (connected: false, keepalive socket: false, agent status: {"createSocketCount":1,"createSocketErrorCount":0,"closeSocketCount":1,"errorSocketCount":0,"timeoutSocketCount":0,"requestCount":0,"freeSockets":{},"sockets":{},"requests":{}}, socketHandledRequests: 1, socketHandledResponses: 0)
headers: {}
headers: {}
    at Timeout._onTimeout (/Users/cherry/Documents/Rootant/nodejs-demo/node_modules/urllib/lib/urllib.js:983:15)
    at listOnTimeout (timers.js:324:15)
    at processTimers (timers.js:268:5)
name: "ConnectionTimeoutError"
requestId: 1
data: undefined
path: "/v0/topstories.json?orderBy=%22%24key%22&startAt=%220%22&endAt=%224%22"
status: -2
headers: {}
res: {"status":-2,"statusCode":-2,"statusMessage":null,"headers":{},"size":0,"aborted":false,"rt":5039,"keepAliveSocket":false,"requestUrls":["https://hacker-news.firebaseio.com/v0/topstories.json"],"timing":null,"remoteAddress":"35.201.97.85","remotePort":"","socketHandledRequests":1,"socketHandledResponses":0}
pid: 3841
hostname: taolideMac-mini.local

2021-08-20 02:23:03,716 ERROR 3892 [-/127.0.0.1/-/5068ms GET /news] nodejs.ConnectionTimeoutError: Connect timeout for 5000ms, GET https://hacker-news.firebaseio.com/v0/topstories.json -2 (connected: false, keepalive socket: false, agent status: {"createSocketCount":1,"createSocketErrorCount":0,"closeSocketCount":1,"errorSocketCount":0,"timeoutSocketCount":0,"requestCount":0,"freeSockets":{},"sockets":{},"requests":{}}, socketHandledRequests: 1, socketHandledResponses: 0)
headers: {}
headers: {}
    at Timeout._onTimeout (/Users/cherry/Documents/Rootant/nodejs-demo/node_modules/urllib/lib/urllib.js:983:15)
    at listOnTimeout (timers.js:324:15)
    at processTimers (timers.js:268:5)
name: "ConnectionTimeoutError"
requestId: 1
data: undefined
path: "/v0/topstories.json?orderBy=%22%24key%22&startAt=%220%22&endAt=%224%22"
status: -2
headers: {}
res: {"status":-2,"statusCode":-2,"statusMessage":null,"headers":{},"size":0,"aborted":false,"rt":5040,"keepAliveSocket":false,"requestUrls":["https://hacker-news.firebaseio.com/v0/topstories.json"],"timing":null,"remoteAddress":"35.201.97.85","remotePort":"","socketHandledRequests":1,"socketHandledResponses":0}
pid: 3892
hostname: taolideMac-mini.local

2021-08-20 02:24:48,194 ERROR 3945 [-/127.0.0.1/-/5051ms GET /news] nodejs.ConnectionTimeoutError: Connect timeout for 5000ms, GET https://hacker-news.firebaseio.com/v0/topstories.json -2 (connected: false, keepalive socket: false, agent status: {"createSocketCount":1,"createSocketErrorCount":0,"closeSocketCount":1,"errorSocketCount":0,"timeoutSocketCount":0,"requestCount":0,"freeSockets":{},"sockets":{},"requests":{}}, socketHandledRequests: 1, socketHandledResponses: 0)
headers: {}
headers: {}
    at Timeout._onTimeout (/Users/cherry/Documents/Rootant/nodejs-demo/node_modules/urllib/lib/urllib.js:983:15)
    at listOnTimeout (timers.js:324:15)
    at processTimers (timers.js:268:5)
name: "ConnectionTimeoutError"
requestId: 1
data: undefined
path: "/v0/topstories.json?orderBy=%22%24key%22&startAt=%220%22&endAt=%224%22"
status: -2
headers: {}
res: {"status":-2,"statusCode":-2,"statusMessage":null,"headers":{},"size":0,"aborted":false,"rt":5031,"keepAliveSocket":false,"requestUrls":["https://hacker-news.firebaseio.com/v0/topstories.json"],"timing":null,"remoteAddress":"35.201.97.85","remotePort":"","socketHandledRequests":1,"socketHandledResponses":0}
pid: 3945
hostname: taolideMac-mini.local

2021-08-20 02:29:52,954 ERROR 3945 [-/127.0.0.1/-/5020ms GET /news] nodejs.ConnectionTimeoutError: Connect timeout for 5000ms, GET https://hacker-news.firebaseio.com/v0/topstories.json -2 (connected: false, keepalive socket: false, agent status: {"createSocketCount":2,"createSocketErrorCount":0,"closeSocketCount":2,"errorSocketCount":0,"timeoutSocketCount":0,"requestCount":0,"freeSockets":{},"sockets":{},"requests":{}}, socketHandledRequests: 1, socketHandledResponses: 0)
headers: {}
headers: {}
    at Timeout._onTimeout (/Users/cherry/Documents/Rootant/nodejs-demo/node_modules/urllib/lib/urllib.js:983:15)
    at listOnTimeout (timers.js:324:15)
    at processTimers (timers.js:268:5)
name: "ConnectionTimeoutError"
requestId: 2
data: undefined
path: "/v0/topstories.json?orderBy=%22%24key%22&startAt=%220%22&endAt=%224%22"
status: -2
headers: {}
res: {"status":-2,"statusCode":-2,"statusMessage":null,"headers":{},"size":0,"aborted":false,"rt":5009,"keepAliveSocket":false,"requestUrls":["https://hacker-news.firebaseio.com/v0/topstories.json"],"timing":null,"remoteAddress":"35.201.97.85","remotePort":"","socketHandledRequests":1,"socketHandledResponses":0}
pid: 3945
hostname: taolideMac-mini.local

2021-08-20 02:31:11,763 ERROR 4438 [-/127.0.0.1/-/5067ms GET /news] nodejs.ConnectionTimeoutError: Connect timeout for 5000ms, GET https://hacker-news.firebaseio.com/v0/topstories.json -2 (connected: false, keepalive socket: false, agent status: {"createSocketCount":1,"createSocketErrorCount":0,"closeSocketCount":1,"errorSocketCount":0,"timeoutSocketCount":0,"requestCount":0,"freeSockets":{},"sockets":{},"requests":{}}, socketHandledRequests: 1, socketHandledResponses: 0)
headers: {}
headers: {}
    at Timeout._onTimeout (/Users/cherry/Documents/Rootant/nodejs-demo/node_modules/urllib/lib/urllib.js:983:15)
    at listOnTimeout (timers.js:324:15)
    at processTimers (timers.js:268:5)
name: "ConnectionTimeoutError"
requestId: 1
data: undefined
path: "/v0/topstories.json?orderBy=%22%24key%22&startAt=%220%22&endAt=%224%22"
status: -2
headers: {}
res: {"status":-2,"statusCode":-2,"statusMessage":null,"headers":{},"size":0,"aborted":false,"rt":5042,"keepAliveSocket":false,"requestUrls":["https://hacker-news.firebaseio.com/v0/topstories.json"],"timing":null,"remoteAddress":"35.201.97.85","remotePort":"","socketHandledRequests":1,"socketHandledResponses":0}
pid: 4438
hostname: taolideMac-mini.local

2021-08-20 02:34:37,191 ERROR 4505 [-/undefined/-/60050ms GET /news] nodejs.ConnectionTimeoutError: Connect timeout for 60000ms, GET https://hacker-news.firebaseio.com/v0/topstories.json -2 (connected: false, keepalive socket: false, agent status: {"createSocketCount":2,"createSocketErrorCount":0,"closeSocketCount":1,"errorSocketCount":0,"timeoutSocketCount":0,"requestCount":0,"freeSockets":{},"sockets":{"hacker-news.firebaseio.com:443::::::::::::::::":1},"requests":{}}, socketHandledRequests: 1, socketHandledResponses: 0)
headers: {}
headers: {}
    at Timeout._onTimeout (/Users/cherry/Documents/Rootant/nodejs-demo/node_modules/urllib/lib/urllib.js:983:15)
    at listOnTimeout (timers.js:324:15)
    at processTimers (timers.js:268:5)
name: "ConnectionTimeoutError"
requestId: 1
data: undefined
path: "/v0/topstories.json?orderBy=%22%24key%22&startAt=%220%22&endAt=%224%22"
status: -2
headers: {}
res: {"status":-2,"statusCode":-2,"statusMessage":null,"headers":{},"size":0,"aborted":false,"rt":60032,"keepAliveSocket":false,"requestUrls":["https://hacker-news.firebaseio.com/v0/topstories.json"],"timing":null,"remoteAddress":"35.201.97.85","remotePort":"","socketHandledRequests":1,"socketHandledResponses":0}
headerSent: true
pid: 4505
hostname: taolideMac-mini.local

2021-08-20 02:34:39,867 ERROR 4505 [-/127.0.0.1/-/60018ms GET /news] nodejs.ConnectionTimeoutError: Connect timeout for 60000ms, GET https://hacker-news.firebaseio.com/v0/topstories.json -2 (connected: false, keepalive socket: false, agent status: {"createSocketCount":2,"createSocketErrorCount":0,"closeSocketCount":2,"errorSocketCount":0,"timeoutSocketCount":0,"requestCount":0,"freeSockets":{},"sockets":{},"requests":{}}, socketHandledRequests: 1, socketHandledResponses: 0)
headers: {}
headers: {}
    at Timeout._onTimeout (/Users/cherry/Documents/Rootant/nodejs-demo/node_modules/urllib/lib/urllib.js:983:15)
    at listOnTimeout (timers.js:324:15)
    at processTimers (timers.js:268:5)
name: "ConnectionTimeoutError"
requestId: 2
data: undefined
path: "/v0/topstories.json?orderBy=%22%24key%22&startAt=%220%22&endAt=%224%22"
status: -2
headers: {}
res: {"status":-2,"statusCode":-2,"statusMessage":null,"headers":{},"size":0,"aborted":false,"rt":60012,"keepAliveSocket":false,"requestUrls":["https://hacker-news.firebaseio.com/v0/topstories.json"],"timing":null,"remoteAddress":"35.201.97.85","remotePort":"","socketHandledRequests":1,"socketHandledResponses":0}
pid: 4505
hostname: taolideMac-mini.local

2021-08-20 02:38:11,861 ERROR 4585 [-/127.0.0.1/-/40ms GET /news] nodejs.RequestError: connect ECONNREFUSED 198.18.0.9:443, GET https://hacker-news.firebaseio.com/v0/topstories.json -1 (connected: false, keepalive socket: false, agent status: {"createSocketCount":3,"createSocketErrorCount":0,"closeSocketCount":0,"errorSocketCount":1,"timeoutSocketCount":0,"requestCount":0,"freeSockets":{},"sockets":{"hacker-news.firebaseio.com:443::::::::::::::::":3},"requests":{}}, socketHandledRequests: 1, socketHandledResponses: 0)
headers: {}
    at TCPConnectWrap.afterConnect [as oncomplete] (net.js:1121:14)
errno: "ECONNREFUSED"
code: "ECONNREFUSED"
syscall: "connect"
address: "198.18.0.9"
port: 443
name: "RequestError"
data: undefined
path: "/v0/topstories.json"
status: -1
headers: {}
res: {"status":-1,"statusCode":-1,"statusMessage":null,"headers":{},"size":0,"aborted":false,"rt":20,"keepAliveSocket":false,"requestUrls":["https://hacker-news.firebaseio.com/v0/topstories.json"],"timing":null,"remoteAddress":"198.18.0.9","remotePort":"","socketHandledRequests":1,"socketHandledResponses":0}
pid: 4585
hostname: taolideMac-mini.local

2021-08-20 02:38:49,001 ERROR 4585 [-/undefined/-/60048ms GET /news] nodejs.ConnectionTimeoutError: Connect timeout for 60000ms, GET https://hacker-news.firebaseio.com/v0/topstories.json -2 (connected: false, keepalive socket: false, agent status: {"createSocketCount":3,"createSocketErrorCount":0,"closeSocketCount":2,"errorSocketCount":1,"timeoutSocketCount":0,"requestCount":0,"freeSockets":{},"sockets":{"hacker-news.firebaseio.com:443::::::::::::::::":1},"requests":{}}, socketHandledRequests: 1, socketHandledResponses: 0)
headers: {}
headers: {}
    at Timeout._onTimeout (/Users/cherry/Documents/Rootant/nodejs-demo/node_modules/urllib/lib/urllib.js:983:15)
    at listOnTimeout (timers.js:324:15)
    at processTimers (timers.js:268:5)
name: "ConnectionTimeoutError"
requestId: 1
data: undefined
path: "/v0/topstories.json"
status: -2
headers: {}
res: {"status":-2,"statusCode":-2,"statusMessage":null,"headers":{},"size":0,"aborted":false,"rt":60031,"keepAliveSocket":false,"requestUrls":["https://hacker-news.firebaseio.com/v0/topstories.json"],"timing":null,"remoteAddress":"35.201.97.85","remotePort":"","socketHandledRequests":1,"socketHandledResponses":0}
headerSent: true
pid: 4585
hostname: taolideMac-mini.local

2021-08-20 02:38:53,419 ERROR 4585 [-/undefined/-/60027ms GET /news] nodejs.ConnectionTimeoutError: Connect timeout for 60000ms, GET https://hacker-news.firebaseio.com/v0/topstories.json -2 (connected: false, keepalive socket: false, agent status: {"createSocketCount":3,"createSocketErrorCount":0,"closeSocketCount":3,"errorSocketCount":1,"timeoutSocketCount":0,"requestCount":0,"freeSockets":{},"sockets":{},"requests":{}}, socketHandledRequests: 1, socketHandledResponses: 0)
headers: {}
headers: {}
    at Timeout._onTimeout (/Users/cherry/Documents/Rootant/nodejs-demo/node_modules/urllib/lib/urllib.js:983:15)
    at listOnTimeout (timers.js:324:15)
    at processTimers (timers.js:268:5)
name: "ConnectionTimeoutError"
requestId: 2
data: undefined
path: "/v0/topstories.json"
status: -2
headers: {}
res: {"status":-2,"statusCode":-2,"statusMessage":null,"headers":{},"size":0,"aborted":false,"rt":60010,"keepAliveSocket":false,"requestUrls":["https://hacker-news.firebaseio.com/v0/topstories.json"],"timing":null,"remoteAddress":"35.201.97.85","remotePort":"","socketHandledRequests":1,"socketHandledResponses":0}
headerSent: true
pid: 4585
hostname: taolideMac-mini.local

